<?xml version="1.0" encoding="UTF-8"?>
<!-- Generated by org.testng.reporters.JUnitReportReporter -->
<testsuite hostname="LAPTOP-UE5HTK8K" name="hybridDemos.Demos" tests="1" failures="0" timestamp="12 Aug 2021 04:43:56 GMT" time="52.016" errors="0">
  <testcase name="testCase04" time="52.016" classname="hybridDemos.Demos"/>
</testsuite> <!-- hybridDemos.Demos -->
